\BOOKMARK [1][-]{section*.4}{\376\377\000\040\000L\000I\000S\000T\000\040\000O\000F\000\040\000A\000B\000B\000R\000E\000V\000I\000A\000T\000I\000O\000N\000S}{}% 1
\BOOKMARK [1][-]{section*.5}{\376\377\000\040\000L\000I\000S\000T\000\040\000O\000F\000\040\000F\000I\000G\000U\000R\000E\000S}{}% 2
\BOOKMARK [1][-]{section*.6}{\376\377\000\040\000L\000I\000S\000T\000\040\000O\000F\000\040\000T\000A\000B\000L\000E\000S}{}% 3
\BOOKMARK [1][-]{section*.7}{\376\377\000A\000B\000S\000T\000R\000A\000C\000T}{}% 4
\BOOKMARK [1][-]{section*.8}{\376\377\000\040\000D\000U\000T\000Y\000\040\000R\000O\000S\000T\000E\000R}{}% 5
\BOOKMARK [1][-]{table.caption.9}{\376\377\000C\000H\000A\000P\000T\000E\000R\000\040\0001\000:\000\040\000I\000N\000T\000R\000O\000D\000U\000C\000T\000I\000O\000N}{}% 6
\BOOKMARK [2][-]{subsection.1.1}{\376\377\000B\000a\000c\000k\000g\000r\000o\000u\000n\000d\000\040\000a\000n\000d\000\040\000M\000o\000t\000i\000v\000a\000t\000i\000o\000n}{table.caption.9}% 7
\BOOKMARK [2][-]{subsection.1.2}{\376\377\000P\000r\000o\000b\000l\000e\000m\000\040\000S\000t\000a\000t\000e\000m\000e\000n\000t}{table.caption.9}% 8
\BOOKMARK [2][-]{subsection.1.3}{\376\377\000O\000b\000j\000e\000c\000t\000i\000v\000e\000s\000\040\000o\000f\000\040\000t\000h\000e\000\040\000S\000t\000u\000d\000y}{table.caption.9}% 9
\BOOKMARK [2][-]{subsection.1.4}{\376\377\000S\000c\000o\000p\000e\000\040\000a\000n\000d\000\040\000L\000i\000m\000i\000t\000a\000t\000i\000o\000n\000s}{table.caption.9}% 10
\BOOKMARK [2][-]{subsection.1.5}{\376\377\000R\000e\000s\000e\000a\000r\000c\000h\000\040\000M\000e\000t\000h\000o\000d\000o\000l\000o\000g\000y}{table.caption.9}% 11
\BOOKMARK [2][-]{subsection.1.6}{\376\377\000S\000t\000r\000u\000c\000t\000u\000r\000e\000\040\000o\000f\000\040\000t\000h\000e\000\040\000T\000h\000e\000s\000i\000s}{table.caption.9}% 12
\BOOKMARK [1][-]{subsection.1.6}{\376\377\000C\000H\000A\000P\000T\000E\000R\000\040\0002\000:\000\040\000T\000H\000E\000O\000R\000E\000T\000I\000C\000A\000L\000\040\000B\000A\000C\000K\000G\000R\000O\000U\000N\000D}{}% 13
\BOOKMARK [2][-]{subsection.2.1}{\376\377\000S\000o\000f\000t\000w\000a\000r\000e\000\040\000a\000s\000\040\000a\000\040\000S\000e\000r\000v\000i\000c\000e\000\040\000\050\000S\000a\000a\000S\000\051\000\040\000a\000n\000d\000\040\000M\000u\000l\000t\000i\000-\000T\000e\000n\000a\000n\000t\000\040\000A\000r\000c\000h\000i\000t\000e\000c\000t\000u\000r\000e}{subsection.1.6}% 14
\BOOKMARK [2][-]{subsection.2.2}{\376\377\000B\000a\000c\000k\000e\000n\000d\000\040\000T\000e\000c\000h\000n\000o\000l\000o\000g\000i\000e\000s\000:\000\040\000N\000o\000d\000e\000.\000j\000s\000\040\000a\000n\000d\000\040\000E\000x\000p\000r\000e\000s\000s\000.\000j\000s}{subsection.1.6}% 15
\BOOKMARK [2][-]{subsection.2.3}{\376\377\000R\000e\000l\000a\000t\000i\000o\000n\000a\000l\000\040\000D\000a\000t\000a\000b\000a\000s\000e\000s\000\040\000a\000n\000d\000\040\000Q\000u\000e\000r\000y\000\040\000B\000u\000i\000l\000d\000e\000r\000s}{subsection.1.6}% 16
\BOOKMARK [2][-]{subsection.2.4}{\376\377\000A\000r\000t\000i\000f\000i\000c\000i\000a\000l\000\040\000I\000n\000t\000e\000l\000l\000i\000g\000e\000n\000c\000e\000\040\000a\000n\000d\000\040\000F\000u\000n\000c\000t\000i\000o\000n\000\040\000C\000a\000l\000l\000i\000n\000g\000\040\000M\000e\000c\000h\000a\000n\000i\000c\000s}{subsection.1.6}% 17
\BOOKMARK [2][-]{subsection.2.5}{\376\377\000C\000r\000o\000s\000s\000-\000P\000l\000a\000t\000f\000o\000r\000m\000\040\000M\000o\000b\000i\000l\000e\000\040\000D\000e\000v\000e\000l\000o\000p\000m\000e\000n\000t\000\040\000w\000i\000t\000h\000\040\000C\000a\000p\000a\000c\000i\000t\000o\000r}{subsection.1.6}% 18
\BOOKMARK [1][-]{subsection.2.5}{\376\377\000C\000H\000A\000P\000T\000E\000R\000\040\0003\000:\000\040\000S\000Y\000S\000T\000E\000M\000\040\000A\000N\000A\000L\000Y\000S\000I\000S\000\040\000A\000N\000D\000\040\000D\000E\000S\000I\000G\000N}{}% 19
\BOOKMARK [2][-]{subsection.3.1}{\376\377\000R\000e\000q\000u\000i\000r\000e\000m\000e\000n\000t\000s\000\040\000A\000n\000a\000l\000y\000s\000i\000s}{subsection.2.5}% 20
\BOOKMARK [3][-]{subsubsection.3.1.1}{\376\377\000F\000u\000n\000c\000t\000i\000o\000n\000a\000l\000\040\000R\000e\000q\000u\000i\000r\000e\000m\000e\000n\000t\000s}{subsection.3.1}% 21
\BOOKMARK [3][-]{subsubsection.3.1.2}{\376\377\000N\000o\000n\000-\000F\000u\000n\000c\000t\000i\000o\000n\000a\000l\000\040\000R\000e\000q\000u\000i\000r\000e\000m\000e\000n\000t\000s}{subsection.3.1}% 22
\BOOKMARK [2][-]{subsection.3.2}{\376\377\000U\000s\000e\000\040\000C\000a\000s\000e\000\040\000S\000c\000e\000n\000a\000r\000i\000o\000s}{subsection.2.5}% 23
\BOOKMARK [3][-]{subsubsection.3.2.1}{\376\377\000D\000e\000t\000a\000i\000l\000e\000d\000\040\000U\000s\000e\000\040\000C\000a\000s\000e\000:\000\040\000A\000I\000-\000A\000s\000s\000i\000s\000t\000e\000d\000\040\000B\000o\000o\000k\000i\000n\000g}{subsection.3.2}% 24
\BOOKMARK [3][-]{subsubsection.3.2.2}{\376\377\000D\000e\000t\000a\000i\000l\000e\000d\000\040\000U\000s\000e\000\040\000C\000a\000s\000e\000:\000\040\000Q\000R\000\040\000C\000o\000d\000e\000\040\000C\000h\000e\000c\000k\000-\000i\000n}{subsection.3.2}% 25
\BOOKMARK [2][-]{subsection.3.3}{\376\377\000D\000a\000t\000a\000b\000a\000s\000e\000\040\000D\000e\000s\000i\000g\000n\000\040\000a\000n\000d\000\040\000E\000R\000D}{subsection.2.5}% 26
\BOOKMARK [3][-]{subsubsection.3.3.1}{\376\377\000T\000a\000b\000l\000e\000\040\000S\000c\000h\000e\000m\000a\000s}{subsection.3.3}% 27
\BOOKMARK [2][-]{subsection.3.4}{\376\377\000S\000y\000s\000t\000e\000m\000\040\000S\000e\000q\000u\000e\000n\000c\000e\000\040\000D\000i\000a\000g\000r\000a\000m\000s}{subsection.2.5}% 28
\BOOKMARK [1][-]{subsection.3.4}{\376\377\000C\000H\000A\000P\000T\000E\000R\000\040\0004\000:\000\040\000S\000Y\000S\000T\000E\000M\000\040\000I\000M\000P\000L\000E\000M\000E\000N\000T\000A\000T\000I\000O\000N\000\040\000A\000N\000D\000\040\000R\000E\000S\000U\000L\000T\000S}{}% 29
\BOOKMARK [2][-]{subsection.4.1}{\376\377\000B\000a\000c\000k\000e\000n\000d\000\040\000A\000r\000c\000h\000i\000t\000e\000c\000t\000u\000r\000e\000\040\000I\000m\000p\000l\000e\000m\000e\000n\000t\000a\000t\000i\000o\000n}{subsection.3.4}% 30
\BOOKMARK [2][-]{subsection.4.2}{\376\377\000A\000I\000\040\000I\000n\000t\000e\000g\000r\000a\000t\000i\000o\000n\000:\000\040\000I\000m\000p\000l\000e\000m\000e\000n\000t\000i\000n\000g\000\040\000F\000u\000n\000c\000t\000i\000o\000n\000\040\000C\000a\000l\000l\000i\000n\000g}{subsection.3.4}% 31
\BOOKMARK [2][-]{subsection.4.3}{\376\377\000M\000o\000b\000i\000l\000e\000\040\000A\000p\000p\000\040\000I\000m\000p\000l\000e\000m\000e\000n\000t\000a\000t\000i\000o\000n\000:\000\040\000C\000a\000p\000a\000c\000i\000t\000o\000r\000\040\000Q\000R\000\040\000S\000c\000a\000n\000n\000e\000r}{subsection.3.4}% 32
\BOOKMARK [2][-]{subsection.4.4}{\376\377\000U\000s\000e\000r\000\040\000I\000n\000t\000e\000r\000f\000a\000c\000e\000\040\000S\000h\000o\000w\000c\000a\000s\000i\000n\000g}{subsection.3.4}% 33
\BOOKMARK [1][-]{subsection.4.4}{\376\377\000C\000H\000A\000P\000T\000E\000R\000\040\0005\000:\000\040\000T\000E\000S\000T\000I\000N\000G\000,\000\040\000D\000E\000P\000L\000O\000Y\000M\000E\000N\000T\000,\000\040\000A\000N\000D\000\040\000C\000O\000N\000C\000L\000U\000S\000I\000O\000N}{}% 34
\BOOKMARK [2][-]{subsection.5.1}{\376\377\000S\000y\000s\000t\000e\000m\000\040\000T\000e\000s\000t\000i\000n\000g}{subsection.4.4}% 35
\BOOKMARK [2][-]{subsection.5.2}{\376\377\000C\000l\000o\000u\000d\000\040\000D\000e\000p\000l\000o\000y\000m\000e\000n\000t\000\040\000A\000r\000c\000h\000i\000t\000e\000c\000t\000u\000r\000e}{subsection.4.4}% 36
\BOOKMARK [2][-]{subsection.5.3}{\376\377\000E\000v\000a\000l\000u\000a\000t\000i\000o\000n\000\040\000o\000f\000\040\000R\000e\000s\000u\000l\000t\000s}{subsection.4.4}% 37
\BOOKMARK [2][-]{subsection.5.4}{\376\377\000L\000i\000m\000i\000t\000a\000t\000i\000o\000n\000s}{subsection.4.4}% 38
\BOOKMARK [2][-]{subsection.5.5}{\376\377\000F\000u\000t\000u\000r\000e\000\040\000W\000o\000r\000k}{subsection.4.4}% 39
\BOOKMARK [2][-]{subsection.5.6}{\376\377\000C\000o\000n\000c\000l\000u\000s\000i\000o\000n}{subsection.4.4}% 40
\BOOKMARK [1][-]{section*.10}{\376\377\000R\000E\000F\000E\000R\000E\000N\000C\000E\000S}{}% 41
\BOOKMARK [1][-]{section*.11}{\376\377\000\040\000A\000P\000P\000E\000N\000D\000I\000X}{}% 42
